<?xml version="1.0" encoding="UTF-8"?>
<!-- Generated by org.testng.reporters.JUnitReportReporter -->
<testsuite hostname="DESKTOP-FSSQCH0" failures="0" tests="1" name="ProductPomTest.VerifyElementsPresentOnScreen" time="0.059" errors="0" timestamp="2024-04-17T05:46:41 IST" skipped="0">
  <testcase classname="ProductPomTest.VerifyElementsPresentOnScreen" name="testNumberOfWebElements" time="0.059"/>
  <system-out/>
</testsuite> <!-- ProductPomTest.VerifyElementsPresentOnScreen -->
