<?xml version="1.0" encoding="UTF-8"?>
<!-- Generated by org.testng.reporters.JUnitReportReporter -->
<testsuite hostname="DESKTOP-FSSQCH0" failures="0" tests="1" name="ProductPomTest.VerifyElementsPresentOnScreen$HomePageTest" time="0.065" errors="0" timestamp="2024-04-17T05:18:24 IST" skipped="0">
  <testcase classname="ProductPomTest.VerifyElementsPresentOnScreen$HomePageTest" name="testNumberOfWebElements" time="0.065"/>
  <system-out/>
</testsuite> <!-- ProductPomTest.VerifyElementsPresentOnScreen$HomePageTest -->
