<?xml version="1.0" encoding="UTF-8"?>
<!-- Generated by org.testng.reporters.JUnitReportReporter -->
<testsuite hostname="DESKTOP-FSSQCH0" failures="0" tests="3" name="testclasses.TestNGTest" time="0.085" errors="0" timestamp="2024-05-02T08:05:35 IST" skipped="1">
  <testcase classname="testclasses.TestNGTest" name="test" time="0.070"/>
  <system-out/>
  <testcase classname="testclasses.TestNGTest" name="test" time="0.000">
    <skipped/>
  </testcase> <!-- test -->
  <system-out/>
  <testcase classname="testclasses.TestNGTest" name="test" time="0.015"/>
  <system-out/>
</testsuite> <!-- testclasses.TestNGTest -->
