<?xml version="1.0" encoding="UTF-8"?>
<!-- Generated by org.testng.reporters.JUnitReportReporter -->
<testsuite hostname="DESKTOP-FSSQCH0" failures="0" tests="3" name="amazonTestNGPackage.VerifyScrollingDownActionForShareButton" time="80.341" errors="0" timestamp="2024-05-02T08:05:35 IST" skipped="1">
  <testcase classname="amazonTestNGPackage.VerifyScrollingDownActionForShareButton" name="clickAccountsAndLists" time="0.001">
    <skipped/>
  </testcase> <!-- clickAccountsAndLists -->
  <system-out/>
  <testcase classname="amazonTestNGPackage.VerifyScrollingDownActionForShareButton" name="clickAccountsAndLists" time="32.268"/>
  <system-out/>
  <testcase classname="amazonTestNGPackage.VerifyScrollingDownActionForShareButton" name="clickAccountsAndLists" time="48.072"/>
  <system-out/>
</testsuite> <!-- amazonTestNGPackage.VerifyScrollingDownActionForShareButton -->
