<?xml version="1.0" encoding="UTF-8"?>
<!-- Generated by org.testng.reporters.JUnitReportReporter -->
<testsuite hostname="DESKTOP-FSSQCH0" failures="0" tests="3" name="amazonTestNGPackage.VerifyProductRating" time="283.952" errors="0" timestamp="2024-05-02T08:05:35 IST" skipped="1">
  <testcase classname="amazonTestNGPackage.VerifyProductRating" name="checkAutoSuggestion" time="0.001">
    <skipped/>
  </testcase> <!-- checkAutoSuggestion -->
  <system-out/>
  <testcase classname="amazonTestNGPackage.VerifyProductRating" name="checkAutoSuggestion" time="67.811"/>
  <system-out/>
  <testcase classname="amazonTestNGPackage.VerifyProductRating" name="checkAutoSuggestion" time="216.140"/>
  <system-out/>
</testsuite> <!-- amazonTestNGPackage.VerifyProductRating -->
