<?xml version="1.0" encoding="UTF-8"?>
<!-- Generated by org.testng.reporters.JUnitReportReporter -->
<testsuite hostname="DESKTOP-FSSQCH0" failures="0" tests="3" name="amazonTestNGPackage.VerifyAccountsAndLists" time="113.537" errors="0" timestamp="2024-05-02T08:05:35 IST" skipped="1">
  <testcase classname="amazonTestNGPackage.VerifyAccountsAndLists" name="clickAccountsAndLists" time="38.762"/>
  <system-out/>
  <testcase classname="amazonTestNGPackage.VerifyAccountsAndLists" name="clickAccountsAndLists" time="74.775"/>
  <system-out/>
  <testcase classname="amazonTestNGPackage.VerifyAccountsAndLists" name="clickAccountsAndLists" time="0.000">
    <skipped/>
  </testcase> <!-- clickAccountsAndLists -->
  <system-out/>
</testsuite> <!-- amazonTestNGPackage.VerifyAccountsAndLists -->
