<?xml version="1.0" encoding="UTF-8"?>
<!-- Generated by org.testng.reporters.JUnitReportReporter -->
<testsuite hostname="DESKTOP-FSSQCH0" failures="0" tests="3" name="amazonTestNGPackage.VerifyIncreaseInQuantityNumberOnAddingSameItem" time="299.219" errors="0" timestamp="2024-05-02T08:05:35 IST" skipped="1">
  <testcase classname="amazonTestNGPackage.VerifyIncreaseInQuantityNumberOnAddingSameItem" name="verification" time="144.931"/>
  <system-out/>
  <testcase classname="amazonTestNGPackage.VerifyIncreaseInQuantityNumberOnAddingSameItem" name="verification" time="154.288"/>
  <system-out/>
  <testcase classname="amazonTestNGPackage.VerifyIncreaseInQuantityNumberOnAddingSameItem" name="verification" time="0.000">
    <skipped/>
  </testcase> <!-- verification -->
  <system-out/>
</testsuite> <!-- amazonTestNGPackage.VerifyIncreaseInQuantityNumberOnAddingSameItem -->
